#
# A fatal error has been detected by the Java Runtime Environment:
#
#  EXCEPTION_ACCESS_VIOLATION (0xc0000005) at pc=0x0000000000000000, pid=2896, tid=0x0000000000002750
#
# JRE version: Java(TM) SE Runtime Environment (8.0_181-b13) (build 1.8.0_181-b13)
# Java VM: Java HotSpot(TM) 64-Bit Server VM (25.181-b13 mixed mode windows-amd64 compressed oops)
# Problematic frame:
# C  0x0000000000000000
#
# Failed to write core dump. Minidumps are not enabled by default on client versions of Windows
#
# If you would like to submit a bug report, please visit:
#   http://bugreport.java.com/bugreport/crash.jsp
#

---------------  T H R E A D  ---------------

Current thread (0x0000000002952800):  JavaThread "main" [_thread_in_Java, id=10064, stack(0x0000000002670000,0x0000000002770000)]

siginfo: ExceptionCode=0xc0000005, ExceptionInformation=0x0000000000000008 0x0000000000000000

Registers:
RAX=0x0000000000000039, RBX=0x00000000000000ff, RCX=0x0000000002a508da, RDX=0x0000000000000039
RSP=0x000000000276f770, RBP=0x000000000276f7a8, RSI=0x0000000000000001, RDI=0x0000000002a583fd
R8 =0x0000000000000004, R9 =0x0000000002507b90, R10=0x000000005acfbf20, R11=0x000000001e0719f8
R12=0x0000000000000000, R13=0x000000001babb233, R14=0x000000000276f7d0, R15=0x0000000002952800
RIP=0x0000000000000000, EFLAGS=0x0000000000010207

Top of Stack: (sp=0x000000000276f770)
0x000000000276f770:   000000001babb232 000000000276f7d0
0x000000000276f780:   000000001babb300 0000000000000000
0x000000000276f790:   000000001babb278 0000000000000000
0x000000000276f7a0:   000000000276f7d0 000000000276f8b0
0x000000000276f7b0:   0000000002a508da 0000000000000002
0x000000000276f7c0:   000000000000000a 000000076bac7c18
0x000000000276f7d0:   000000076bac7c08 cafebabecafebabe
0x000000000276f7e0:   cafebabecafebabe 0000000000000000
0x000000000276f7f0:   0000000000000000 0000000000000000
0x000000000276f800:   0000000000000000 0000000000000000
0x000000000276f810:   0000000000000000 0000000000000000
0x000000000276f820:   0000000000000000 0000000000000000
0x000000000276f830:   0000000000000000 0000000000000000
0x000000000276f840:   0000000000000000 cafebabecafebabe
0x000000000276f850:   cafebabecafebabe cafebabecafebabe
0x000000000276f860:   cafebabecafebabe 0000000000000000 

Instructions: (pc=0x0000000000000000)
0xffffffffffffffe0:   


Register to memory mapping:

RAX=0x0000000000000039 is an unknown value
RBX=0x00000000000000ff is an unknown value
RCX=0x0000000002a508da is at begin+179 in a stub
StubRoutines::call_stub [0x0000000002a50827, 0x0000000002a5098b[ (356 bytes)
RDX=0x0000000000000039 is an unknown value
RSP=0x000000000276f770 is pointing into the stack for thread: 0x0000000002952800
RBP=0x000000000276f7a8 is pointing into the stack for thread: 0x0000000002952800
RSI=0x0000000000000001 is an unknown value
RDI=0x0000000002a583fd is at code_begin+2301 in an Interpreter codelet
invoke return entry points  [0x0000000002a57b00, 0x0000000002a584e0]  2528 bytes
R8 =0x0000000000000004 is an unknown value
R9 =0x0000000002507b90 is an unknown value
R10=0x000000005acfbf20 is an unknown value
R11=0x000000001e0719f8 is an unknown value
R12=0x0000000000000000 is an unknown value
R13=0x000000001babb233 is pointing into metadata
R14=0x000000000276f7d0 is pointing into the stack for thread: 0x0000000002952800
R15=0x0000000002952800 is a thread


Stack: [0x0000000002670000,0x0000000002770000],  sp=0x000000000276f770,  free space=1021k
Native frames: (J=compiled Java code, j=interpreted, Vv=VM code, C=native code)


---------------  P R O C E S S  ---------------

Java Threads: ( => current thread )
  0x000000001e7b2800 JavaThread "TimerQueue" daemon [_thread_blocked, id=6188, stack(0x0000000020a30000,0x0000000020b30000)]
  0x000000001e5dd000 JavaThread "AWT-Windows" daemon [_thread_in_native, id=7772, stack(0x000000001f130000,0x000000001f230000)]
  0x000000001e5d9800 JavaThread "Java2D Disposer" daemon [_thread_blocked, id=3196, stack(0x000000001ef30000,0x000000001f030000)]
  0x000000001de68800 JavaThread "Service Thread" daemon [_thread_blocked, id=3028, stack(0x000000001e3d0000,0x000000001e4d0000)]
  0x000000001dd9e000 JavaThread "C1 CompilerThread2" daemon [_thread_blocked, id=10176, stack(0x000000001e2d0000,0x000000001e3d0000)]
  0x000000001dd68000 JavaThread "C2 CompilerThread1" daemon [_thread_blocked, id=7456, stack(0x000000001e1d0000,0x000000001e2d0000)]
  0x000000001dd59800 JavaThread "C2 CompilerThread0" daemon [_thread_blocked, id=7232, stack(0x000000001e0d0000,0x000000001e1d0000)]
  0x000000001c039000 JavaThread "JDWP Command Reader" daemon [_thread_in_native, id=6116, stack(0x000000001dbd0000,0x000000001dcd0000)]
  0x000000001c037000 JavaThread "JDWP Event Helper Thread" daemon [_thread_blocked, id=2952, stack(0x000000001dad0000,0x000000001dbd0000)]
  0x000000001c025000 JavaThread "JDWP Transport Listener: dt_socket" daemon [_thread_blocked, id=5080, stack(0x000000001d9d0000,0x000000001dad0000)]
  0x000000001c01c000 JavaThread "Attach Listener" daemon [_thread_blocked, id=1280, stack(0x000000001d590000,0x000000001d690000)]
  0x000000001c028000 JavaThread "Signal Dispatcher" daemon [_thread_blocked, id=5352, stack(0x000000001d490000,0x000000001d590000)]
  0x000000001c00a800 JavaThread "Finalizer" daemon [_thread_blocked, id=3872, stack(0x000000001d280000,0x000000001d380000)]
  0x000000001bfe8800 JavaThread "Reference Handler" daemon [_thread_blocked, id=7644, stack(0x000000001d180000,0x000000001d280000)]
=>0x0000000002952800 JavaThread "main" [_thread_in_Java, id=10064, stack(0x0000000002670000,0x0000000002770000)]

Other Threads:
  0x000000001bfe7000 VMThread [stack: 0x000000001d080000,0x000000001d180000] [id=1564]
  0x000000001ddac800 WatcherThread [stack: 0x000000001e4d0000,0x000000001e5d0000] [id=10228]

VM state:not at safepoint (normal execution)

VM Mutex/Monitor currently owned by a thread: None

Heap:
 PSYoungGen      total 76288K, used 21075K [0x000000076b400000, 0x0000000770900000, 0x00000007c0000000)
  eden space 65536K, 32% used [0x000000076b400000,0x000000076c894c00,0x000000076f400000)
  from space 10752K, 0% used [0x000000076fe80000,0x000000076fe80000,0x0000000770900000)
  to   space 10752K, 0% used [0x000000076f400000,0x000000076f400000,0x000000076fe80000)
 ParOldGen       total 175104K, used 0K [0x00000006c1c00000, 0x00000006cc700000, 0x000000076b400000)
  object space 175104K, 0% used [0x00000006c1c00000,0x00000006c1c00000,0x00000006cc700000)
 Metaspace       used 12217K, capacity 12416K, committed 12672K, reserved 1060864K
  class space    used 1531K, capacity 1623K, committed 1664K, reserved 1048576K

Card table byte_map: [0x0000000011e10000,0x0000000012610000] byte_map_base: 0x000000000e802000

Marking Bits: (ParMarkBitMap*) 0x000000005ad12d00
 Begin Bits: [0x0000000012f60000, 0x0000000016ef0000)
 End Bits:   [0x0000000016ef0000, 0x000000001ae80000)

Polling page: 0x0000000000ba0000

CodeCache: size=245760Kb used=2362Kb max_used=2371Kb free=243398Kb
 bounds [0x0000000002a50000, 0x0000000002cc0000, 0x0000000011a50000]
 total_blobs=1081 nmethods=586 adapters=416
 compilation: enabled

Compilation events (10 events):
Event: 193.027 Thread 0x000000001dd9e000  582       3       org.eclipse.jdt.launching.internal.org.objectweb.asm.ClassReader::readUTF (161 bytes)
Event: 193.029 Thread 0x000000001dd9e000 nmethod 582 0x0000000002c9d450 code [0x0000000002c9d5e0, 0x0000000002c9daa8]
Event: 193.029 Thread 0x000000001dd9e000  583       3       org.eclipse.jdt.launching.internal.org.objectweb.asm.Symbol::<init> (38 bytes)
Event: 193.030 Thread 0x000000001dd9e000 nmethod 583 0x0000000002c9d010 code [0x0000000002c9d160, 0x0000000002c9d370]
Event: 310.641 Thread 0x000000001dd68000  584       4       org.eclipse.jdt.launching.internal.org.objectweb.asm.ClassReader::readUnsignedShort (26 bytes)
Event: 310.641 Thread 0x000000001dd9e000  585       3       org.eclipse.jdt.launching.internal.org.objectweb.asm.SymbolTable::addConstantUtf8 (98 bytes)
Event: 310.642 Thread 0x000000001dd9e000 nmethod 585 0x0000000002c9c1d0 code [0x0000000002c9c3c0, 0x0000000002c9cbb8]
Event: 310.642 Thread 0x000000001dd9e000  586       3       org.eclipse.jdt.launching.internal.org.objectweb.asm.ByteVector::putShort (52 bytes)
Event: 310.643 Thread 0x000000001dd68000 nmethod 584 0x0000000002c9be90 code [0x0000000002c9bfe0, 0x0000000002c9c0f8]
Event: 310.643 Thread 0x000000001dd9e000 nmethod 586 0x0000000002c9b910 code [0x0000000002c9ba80, 0x0000000002c9bce8]

GC Heap History (0 events):
No events

Deoptimization events (4 events):
Event: 3.230 Thread 0x000000001e720800 Uncommon trap: reason=class_check action=maybe_recompile pc=0x0000000002bb6c44 method=java.lang.String.equals(Ljava/lang/Object;)Z @ 8
Event: 3.230 Thread 0x000000001e720800 Uncommon trap: reason=class_check action=maybe_recompile pc=0x0000000002bb6c44 method=java.lang.String.equals(Ljava/lang/Object;)Z @ 8
Event: 3.591 Thread 0x000000001e720800 Uncommon trap: reason=class_check action=maybe_recompile pc=0x0000000002bb6c44 method=java.lang.String.equals(Ljava/lang/Object;)Z @ 8
Event: 3.591 Thread 0x000000001e720800 Uncommon trap: reason=class_check action=maybe_recompile pc=0x0000000002bb6c44 method=java.lang.String.equals(Ljava/lang/Object;)Z @ 8

Classes redefined (3 events):
Event: 148.511 Thread 0x000000001bfe7000 redefined class name=Capitulo5.Bloque1.Ejercicio3Cap5, count=1
Event: 193.029 Thread 0x000000001bfe7000 redefined class name=Capitulo5.Bloque1.Ejercicio3Cap5, count=2
Event: 310.645 Thread 0x000000001bfe7000 redefined class name=Capitulo5.Bloque1.Ejercicio3Cap5, count=3

Internal exceptions (10 events):
Event: 0.043 Thread 0x0000000002952800 Exception <a 'java/lang/NoSuchMethodError': Method sun.misc.Unsafe.defineClass(Ljava/lang/String;[BII)Ljava/lang/Class; name or signature does not match> (0x000000076b407cb0) thrown at [C:\re\workspace\8-2-build-windows-amd64-cygwin\jdk8u181\11358\hotspot
Event: 0.043 Thread 0x0000000002952800 Exception <a 'java/lang/NoSuchMethodError': Method sun.misc.Unsafe.prefetchRead(Ljava/lang/Object;J)V name or signature does not match> (0x000000076b407f98) thrown at [C:\re\workspace\8-2-build-windows-amd64-cygwin\jdk8u181\11358\hotspot\src\share\vm\prim
Event: 0.364 Thread 0x0000000002952800 Exception <a 'java/security/PrivilegedActionException'> (0x000000076bb15730) thrown at [C:\re\workspace\8-2-build-windows-amd64-cygwin\jdk8u181\11358\hotspot\src\share\vm\prims\jvm.cpp, line 1435]
Event: 0.364 Thread 0x0000000002952800 Exception <a 'java/security/PrivilegedActionException'> (0x000000076bb15940) thrown at [C:\re\workspace\8-2-build-windows-amd64-cygwin\jdk8u181\11358\hotspot\src\share\vm\prims\jvm.cpp, line 1435]
Event: 0.365 Thread 0x0000000002952800 Exception <a 'java/security/PrivilegedActionException'> (0x000000076bb195b0) thrown at [C:\re\workspace\8-2-build-windows-amd64-cygwin\jdk8u181\11358\hotspot\src\share\vm\prims\jvm.cpp, line 1435]
Event: 0.365 Thread 0x0000000002952800 Exception <a 'java/security/PrivilegedActionException'> (0x000000076bb197c0) thrown at [C:\re\workspace\8-2-build-windows-amd64-cygwin\jdk8u181\11358\hotspot\src\share\vm\prims\jvm.cpp, line 1435]
Event: 0.369 Thread 0x0000000002952800 Exception <a 'java/io/FileNotFoundException'> (0x000000076bb26b30) thrown at [C:\re\workspace\8-2-build-windows-amd64-cygwin\jdk8u181\11358\hotspot\src\share\vm\prims\jni.cpp, line 709]
Event: 0.404 Thread 0x0000000002952800 Exception <a 'java/lang/NoSuchFieldError': method resolution failed> (0x000000076bc4c968) thrown at [C:\re\workspace\8-2-build-windows-amd64-cygwin\jdk8u181\11358\hotspot\src\share\vm\prims\methodHandles.cpp, line 1167]
Event: 0.409 Thread 0x0000000002952800 Exception <a 'java/lang/NoSuchFieldError': method resolution failed> (0x000000076bc5a780) thrown at [C:\re\workspace\8-2-build-windows-amd64-cygwin\jdk8u181\11358\hotspot\src\share\vm\prims\methodHandles.cpp, line 1167]
Event: 0.482 Thread 0x0000000002952800 Exception <a 'java/io/FileNotFoundException'> (0x000000076be365e0) thrown at [C:\re\workspace\8-2-build-windows-amd64-cygwin\jdk8u181\11358\hotspot\src\share\vm\prims\jni.cpp, line 709]

Events (10 events):
Event: 345.173 Executing VM operation: GetCurrentContendedMonitor
Event: 345.173 Executing VM operation: GetCurrentContendedMonitor done
Event: 345.173 Executing VM operation: GetOwnedMonitorInfo
Event: 345.173 Executing VM operation: GetOwnedMonitorInfo done
Event: 345.397 Executing VM operation: EnterInterpOnlyMode
Event: 345.397 Executing VM operation: EnterInterpOnlyMode done
Event: 345.397 Executing VM operation: GetCurrentLocation
Event: 345.397 Executing VM operation: GetCurrentLocation done
Event: 345.397 Executing VM operation: ChangeSingleStep
Event: 345.397 Executing VM operation: ChangeSingleStep done


Dynamic libraries:
0x00007ff79a9f0000 - 0x00007ff79aa27000 	C:\Program Files\Java\jre1.8.0_181\bin\javaw.exe
0x00007ffcb3bc0000 - 0x00007ffcb3da1000 	C:\WINDOWS\SYSTEM32\ntdll.dll
0x00007ffcb39b0000 - 0x00007ffcb3a62000 	C:\WINDOWS\System32\KERNEL32.DLL
0x00007ffcb0dd0000 - 0x00007ffcb1043000 	C:\WINDOWS\System32\KERNELBASE.dll
0x00007ffcb3ae0000 - 0x00007ffcb3b81000 	C:\WINDOWS\System32\ADVAPI32.dll
0x00007ffcb1050000 - 0x00007ffcb10ee000 	C:\WINDOWS\System32\msvcrt.dll
0x00007ffcb1110000 - 0x00007ffcb116b000 	C:\WINDOWS\System32\sechost.dll
0x00007ffcb1250000 - 0x00007ffcb1374000 	C:\WINDOWS\System32\RPCRT4.dll
0x00007ffcb13b0000 - 0x00007ffcb1540000 	C:\WINDOWS\System32\USER32.dll
0x00007ffcb03d0000 - 0x00007ffcb03f0000 	C:\WINDOWS\System32\win32u.dll
0x00007ffcb1650000 - 0x00007ffcb1678000 	C:\WINDOWS\System32\GDI32.dll
0x00007ffcb0180000 - 0x00007ffcb0312000 	C:\WINDOWS\System32\gdi32full.dll
0x00007ffcb0620000 - 0x00007ffcb06bf000 	C:\WINDOWS\System32\msvcp_win.dll
0x00007ffcb04c0000 - 0x00007ffcb05ba000 	C:\WINDOWS\System32\ucrtbase.dll
0x00007ffca6430000 - 0x00007ffca6699000 	C:\WINDOWS\WinSxS\amd64_microsoft.windows.common-controls_6595b64144ccf1df_6.0.17134.345_none_fb429a5930656358\COMCTL32.dll
0x00007ffcb30c0000 - 0x00007ffcb33e3000 	C:\WINDOWS\System32\combase.dll
0x00007ffcb0440000 - 0x00007ffcb04ba000 	C:\WINDOWS\System32\bcryptPrimitives.dll
0x00007ffcb1380000 - 0x00007ffcb13ad000 	C:\WINDOWS\System32\IMM32.DLL
0x000000005a240000 - 0x000000005a312000 	C:\Program Files\Java\jre1.8.0_181\bin\msvcr100.dll
0x000000005a4f0000 - 0x000000005ad92000 	C:\Program Files\Java\jre1.8.0_181\bin\server\jvm.dll
0x00007ffcb3a70000 - 0x00007ffcb3a78000 	C:\WINDOWS\System32\PSAPI.DLL
0x00007ffcacce0000 - 0x00007ffcacd03000 	C:\WINDOWS\SYSTEM32\WINMM.dll
0x00007ffc9e990000 - 0x00007ffc9e999000 	C:\WINDOWS\SYSTEM32\WSOCK32.dll
0x00007ffcb1180000 - 0x00007ffcb11ec000 	C:\WINDOWS\System32\WS2_32.dll
0x00007ffcaadf0000 - 0x00007ffcaadfa000 	C:\WINDOWS\SYSTEM32\VERSION.dll
0x00007ffcac700000 - 0x00007ffcac72a000 	C:\WINDOWS\SYSTEM32\winmmbase.dll
0x00007ffcb03f0000 - 0x00007ffcb0439000 	C:\WINDOWS\System32\cfgmgr32.dll
0x000000005a400000 - 0x000000005a40f000 	C:\Program Files\Java\jre1.8.0_181\bin\verify.dll
0x000000005a3d0000 - 0x000000005a3f9000 	C:\Program Files\Java\jre1.8.0_181\bin\java.dll
0x000000005a200000 - 0x000000005a235000 	C:\Program Files\Java\jre1.8.0_181\bin\jdwp.dll
0x000000005a1f0000 - 0x000000005a1f8000 	C:\Program Files\Java\jre1.8.0_181\bin\npt.dll
0x000000005a1c0000 - 0x000000005a1e3000 	C:\Program Files\Java\jre1.8.0_181\bin\instrument.dll
0x000000005a3b0000 - 0x000000005a3c6000 	C:\Program Files\Java\jre1.8.0_181\bin\zip.dll
0x00007ffcb19c0000 - 0x00007ffcb2dff000 	C:\WINDOWS\System32\SHELL32.dll
0x00007ffcb15a0000 - 0x00007ffcb1649000 	C:\WINDOWS\System32\shcore.dll
0x00007ffcb06c0000 - 0x00007ffcb0dcd000 	C:\WINDOWS\System32\windows.storage.dll
0x00007ffcb1540000 - 0x00007ffcb1591000 	C:\WINDOWS\System32\shlwapi.dll
0x00007ffcaff50000 - 0x00007ffcaff61000 	C:\WINDOWS\System32\kernel.appcore.dll
0x00007ffcaff30000 - 0x00007ffcaff4f000 	C:\WINDOWS\System32\profapi.dll
0x00007ffcafed0000 - 0x00007ffcaff1c000 	C:\WINDOWS\System32\powrprof.dll
0x00007ffcaff20000 - 0x00007ffcaff2a000 	C:\WINDOWS\System32\FLTLIB.DLL
0x000000005a1b0000 - 0x000000005a1b9000 	C:\Program Files\Java\jre1.8.0_181\bin\dt_socket.dll
0x00007ffc9e090000 - 0x00007ffc9e0a6000 	C:\WINDOWS\system32\napinsp.dll
0x00007ffc99b00000 - 0x00007ffc99b1a000 	C:\WINDOWS\system32\pnrpnsp.dll
0x00007ffcabce0000 - 0x00007ffcabcf9000 	C:\WINDOWS\system32\NLAapi.dll
0x00007ffcaf750000 - 0x00007ffcaf7b6000 	C:\WINDOWS\System32\mswsock.dll
0x00007ffcaf510000 - 0x00007ffcaf5ce000 	C:\WINDOWS\SYSTEM32\DNSAPI.dll
0x00007ffcb1170000 - 0x00007ffcb1178000 	C:\WINDOWS\System32\NSI.dll
0x00007ffcaf4d0000 - 0x00007ffcaf508000 	C:\WINDOWS\SYSTEM32\IPHLPAPI.DLL
0x00007ffca6ef0000 - 0x00007ffca6efe000 	C:\WINDOWS\System32\winrnr.dll
0x00007ffca7940000 - 0x00007ffca7955000 	C:\WINDOWS\System32\wshbth.dll
0x00007ffca9550000 - 0x00007ffca95c2000 	C:\WINDOWS\System32\fwpuclnt.dll
0x00007ffcafa30000 - 0x00007ffcafa55000 	C:\WINDOWS\SYSTEM32\bcrypt.dll
0x00007ffca62e0000 - 0x00007ffca62ea000 	C:\Windows\System32\rasadhlp.dll
0x000000005a010000 - 0x000000005a1a9000 	C:\Program Files\Java\jre1.8.0_181\bin\awt.dll
0x00007ffcb1680000 - 0x00007ffcb1742000 	C:\WINDOWS\System32\OLEAUT32.dll
0x00007ffcad9b0000 - 0x00007ffcada3b000 	C:\WINDOWS\SYSTEM32\apphelp.dll
0x00007ffcadcd0000 - 0x00007ffcadd68000 	C:\WINDOWS\system32\uxtheme.dll
0x00007ffcb1840000 - 0x00007ffcb19b4000 	C:\WINDOWS\System32\MSCTF.dll
0x00007ffcae4f0000 - 0x00007ffcae519000 	C:\WINDOWS\system32\dwmapi.dll
0x00007ffcb3840000 - 0x00007ffcb3991000 	C:\WINDOWS\System32\ole32.dll
0x0000000059fc0000 - 0x000000005a007000 	C:\Program Files\Java\jre1.8.0_181\bin\fontmanager.dll
0x00007ffc966d0000 - 0x00007ffc967f0000 	C:\WINDOWS\system32\opengl32.dll
0x00007ffc99df0000 - 0x00007ffc99e1c000 	C:\WINDOWS\SYSTEM32\GLU32.dll
0x000000005a390000 - 0x000000005a3aa000 	C:\Program Files\Java\jre1.8.0_181\bin\net.dll
0x000000005a370000 - 0x000000005a381000 	C:\Program Files\Java\jre1.8.0_181\bin\nio.dll
0x0000000059f70000 - 0x0000000059fb2000 	C:\Program Files\Java\jre1.8.0_181\bin\t2k.dll
0x00007ffcb2e00000 - 0x00007ffcb2ea0000 	C:\WINDOWS\System32\clbcatq.dll
0x00007ffca7110000 - 0x00007ffca72be000 	C:\WINDOWS\SYSTEM32\WindowsCodecs.dll
0x00007ffc9fdc0000 - 0x00007ffc9fe18000 	C:\WINDOWS\system32\dataexchange.dll
0x00007ffcac3f0000 - 0x00007ffcac6fb000 	C:\WINDOWS\system32\d3d11.dll
0x00007ffcad2f0000 - 0x00007ffcad48c000 	C:\WINDOWS\system32\dcomp.dll
0x00007ffcaec40000 - 0x00007ffcaecfb000 	C:\WINDOWS\system32\dxgi.dll
0x00007ffcadae0000 - 0x00007ffcadc98000 	C:\WINDOWS\system32\twinapi.appcore.dll
0x00007ffcada60000 - 0x00007ffcada81000 	C:\WINDOWS\system32\RMCLIENT.dll
0x00007ffca8870000 - 0x00007ffca8907000 	C:\WINDOWS\System32\TextInputFramework.dll
0x00007ffcacc00000 - 0x00007ffcaccda000 	C:\WINDOWS\System32\CoreMessaging.dll
0x00007ffca7360000 - 0x00007ffca767e000 	C:\WINDOWS\System32\CoreUIComponents.dll
0x00007ffcaefc0000 - 0x00007ffcaeff1000 	C:\WINDOWS\SYSTEM32\ntmarta.dll
0x00007ffcab880000 - 0x00007ffcab9cd000 	C:\WINDOWS\SYSTEM32\wintypes.dll
0x00007ffcae8d0000 - 0x00007ffcaea99000 	C:\WINDOWS\SYSTEM32\dbghelp.dll

VM Arguments:
jvm_args: -agentlib:jdwp=transport=dt_socket,suspend=y,address=localhost:58913 -javaagent:C:\Users\javit\OneDrive\Escritorio\Javi\eclipse\configuration\org.eclipse.osgi\419\0\.cp\lib\javaagent-shaded.jar -Dfile.encoding=Cp1252 
java_command: Capitulo5.Bloque1.Ejercicio3Cap5
java_class_path (initial): C:\Users\javit\git\Programacion\Programacion\bin;C:\Users\javit\OneDrive\Escritorio\Javi\eclipse\configuration\org.eclipse.osgi\419\0\.cp\lib\javaagent-shaded.jar
Launcher Type: SUN_STANDARD

Environment Variables:
PATH=C:/Program Files/Java/jre1.8.0_181/bin/server;C:/Program Files/Java/jre1.8.0_181/bin;C:/Program Files/Java/jre1.8.0_181/lib/amd64;C:\Program Files (x86)\Common Files\Oracle\Java\javapath;C:\WINDOWS\system32;C:\WINDOWS;C:\WINDOWS\System32\Wbem;C:\WINDOWS\System32\WindowsPowerShell\v1.0\;C:\WINDOWS\System32\OpenSSH\;C:\Users\javit\AppData\Local\Microsoft\WindowsApps;;C:\Users\javit\OneDrive\Escritorio\Javi\eclipse;
USERNAME=javit
OS=Windows_NT
PROCESSOR_IDENTIFIER=Intel64 Family 6 Model 142 Stepping 9, GenuineIntel



---------------  S Y S T E M  ---------------

OS: Windows 10.0 , 64 bit Build 17134 (10.0.17134.1)

CPU:total 4 (initial active 4) (2 cores per cpu, 2 threads per core) family 6 model 142 stepping 9, cmov, cx8, fxsr, mmx, sse, sse2, sse3, ssse3, sse4.1, sse4.2, popcnt, avx, avx2, aes, clmul, erms, 3dnowpref, lzcnt, ht, tsc, tscinvbit, bmi1, bmi2, adx

Memory: 4k page, physical 16655796k(11720936k free), swap 19146164k(4688056k free)

vm_info: Java HotSpot(TM) 64-Bit Server VM (25.181-b13) for windows-amd64 JRE (1.8.0_181-b13), built on Jul  7 2018 04:01:33 by "java_re" with MS VC++ 10.0 (VS2010)

time: Mon Oct 15 17:50:24 2018
elapsed time: 345 seconds (0d 0h 5m 45s)

